mode: set
kube-pod-terminator/internal/options/options.go:11.13,14.2 2 1
kube-pod-terminator/internal/options/options.go:17.62,19.2 1 1
kube-pod-terminator/internal/options/options.go:43.67,56.2 9 1
kube-pod-terminator/internal/logging/logging.go:11.13,21.2 1 1
kube-pod-terminator/internal/logging/logging.go:24.30,26.2 1 1
kube-pod-terminator/internal/k8s/scheduler.go:20.13,25.2 4 1
kube-pod-terminator/internal/k8s/scheduler.go:28.114,29.30 1 1
kube-pod-terminator/internal/k8s/scheduler.go:29.30,31.17 2 1
kube-pod-terminator/internal/k8s/scheduler.go:35.3,36.12 2 1
kube-pod-terminator/internal/k8s/scheduler.go:31.17,34.4 1 0
kube-pod-terminator/internal/k8s/scheduler.go:41.100,42.31 1 1
kube-pod-terminator/internal/k8s/scheduler.go:42.31,46.3 3 1
kube-pod-terminator/internal/k8s/scheduler.go:50.99,58.16 6 1
kube-pod-terminator/internal/k8s/scheduler.go:63.2,63.30 1 1
kube-pod-terminator/internal/k8s/scheduler.go:70.2,70.27 1 1
kube-pod-terminator/internal/k8s/scheduler.go:87.2,87.12 1 1
kube-pod-terminator/internal/k8s/scheduler.go:58.16,61.3 2 0
kube-pod-terminator/internal/k8s/scheduler.go:63.30,66.3 2 1
kube-pod-terminator/internal/k8s/scheduler.go:66.8,68.3 1 0
kube-pod-terminator/internal/k8s/scheduler.go:70.27,72.17 2 1
kube-pod-terminator/internal/k8s/scheduler.go:77.3,77.27 1 1
kube-pod-terminator/internal/k8s/scheduler.go:72.17,75.4 2 0
kube-pod-terminator/internal/k8s/scheduler.go:77.27,80.4 2 0
kube-pod-terminator/internal/k8s/scheduler.go:80.9,82.4 1 1
kube-pod-terminator/internal/k8s/scheduler.go:83.8,85.3 1 0
kube-pod-terminator/internal/k8s/scheduler.go:87.12,91.3 3 1
kube-pod-terminator/internal/k8s/utils.go:14.77,20.15 2 0
kube-pod-terminator/internal/k8s/utils.go:26.2,26.16 1 0
kube-pod-terminator/internal/k8s/utils.go:30.2,30.20 1 0
kube-pod-terminator/internal/k8s/utils.go:20.15,22.3 1 0
kube-pod-terminator/internal/k8s/utils.go:22.8,24.3 1 0
kube-pod-terminator/internal/k8s/utils.go:26.16,28.3 1 0
kube-pod-terminator/internal/k8s/utils.go:34.71,36.16 2 0
kube-pod-terminator/internal/k8s/utils.go:39.2,39.23 1 0
kube-pod-terminator/internal/k8s/utils.go:36.16,38.3 1 0
kube-pod-terminator/internal/k8s/utils.go:42.114,49.96 2 1
kube-pod-terminator/internal/k8s/utils.go:53.2,53.33 1 1
kube-pod-terminator/internal/k8s/utils.go:60.2,60.25 1 1
kube-pod-terminator/internal/k8s/utils.go:49.96,51.3 1 0
kube-pod-terminator/internal/k8s/utils.go:53.33,55.132 2 1
kube-pod-terminator/internal/k8s/utils.go:55.132,57.4 1 1
kube-pod-terminator/internal/k8s/utils.go:63.110,70.96 2 1
kube-pod-terminator/internal/k8s/utils.go:74.2,74.33 1 1
kube-pod-terminator/internal/k8s/utils.go:80.2,80.25 1 1
kube-pod-terminator/internal/k8s/utils.go:70.96,72.3 1 0
kube-pod-terminator/internal/k8s/utils.go:74.33,75.37 1 1
kube-pod-terminator/internal/k8s/utils.go:75.37,77.4 1 0
